# JRE version: OpenJDK Runtime Environment (22.0.1+8) (build 22.0.1+8-16)
# Java VM: OpenJDK 64-Bit Server VM (22.0.1+8-16, mixed mode, emulated-client, sharing, tiered, compressed oops, compressed class ptrs, g1 gc, windows-amd64)
GC Precious Log:
 CardTable entry size: 512
 Card Set container configuration: InlinePtr #cards 5 size 8 Array Of Cards #cards 12 size 40 Howl #buckets 4 coarsen threshold 1843 Howl Bitmap #cards 512 size 80 coarsen threshold 460 Card regions per heap region 1 cards per card region 2048
 CPUs: 4 total, 4 available
 Memory: 8104M
 Large Page Support: Disabled
 NUMA Support: Disabled
 Compressed Oops: Enabled (32-bit)
 Heap Region Size: 1M
 Heap Min Capacity: 8M
 Heap Initial Capacity: 128M
 Heap Max Capacity: 2028M
 Pre-touch: Disabled
 Parallel Workers: 4
 Concurrent Workers: 1
 Concurrent Refinement Workers: 4
 Periodic GC: Disabled
Heap:
 garbage-first heap   total reserved 2076672K, committed 55296K, used 27649K [0x0000000081400000, 0x0000000100000000)
  region size 1024K, 9 young (9216K), 2 survivors (2048K)
 Metaspace       used 32454K, committed 32960K, reserved 1114112K
  class space    used 4501K, committed 4736K, reserved 1048576K
GC Heap History (14 events):
Event: 2.836 GC heap before
{Heap before GC invocations=0 (full 0):
 garbage-first heap   total reserved 2076672K, committed 131072K, used 15360K [0x0000000081400000, 0x0000000100000000)
  region size 1024K, 14 young (14336K), 0 survivors (0K)
 Metaspace       used 3379K, committed 3520K, reserved 1114112K
  class space    used 389K, committed 448K, reserved 1048576K
}
Event: 2.842 GC heap after
{Heap after GC invocations=1 (full 0):
 garbage-first heap   total reserved 2076672K, committed 131072K, used 7693K [0x0000000081400000, 0x0000000100000000)
  region size 1024K, 2 young (2048K), 2 survivors (2048K)
 Metaspace       used 3379K, committed 3520K, reserved 1114112K
  class space    used 389K, committed 448K, reserved 1048576K
}
Event: 3.303 GC heap before
{Heap before GC invocations=1 (full 0):
 garbage-first heap   total reserved 2076672K, committed 131072K, used 16909K [0x0000000081400000, 0x0000000100000000)
  region size 1024K, 12 young (12288K), 2 survivors (2048K)
 Metaspace       used 6908K, committed 7168K, reserved 1114112K
  class space    used 853K, committed 960K, reserved 1048576K
}
Event: 3.308 GC heap after
{Heap after GC invocations=2 (full 0):
 garbage-first heap   total reserved 2076672K, committed 131072K, used 9010K [0x0000000081400000, 0x0000000100000000)
  region size 1024K, 2 young (2048K), 2 survivors (2048K)
 Metaspace       used 6908K, committed 7168K, reserved 1114112K
  class space    used 853K, committed 960K, reserved 1048576K
}
Event: 4.230 GC heap before
{Heap before GC invocations=2 (full 0):
 garbage-first heap   total reserved 2076672K, committed 131072K, used 32562K [0x0000000081400000, 0x0000000100000000)
  region size 1024K, 26 young (26624K), 2 survivors (2048K)
 Metaspace       used 13851K, committed 14144K, reserved 1114112K
  class space    used 1871K, committed 1984K, reserved 1048576K
}
Event: 4.235 GC heap after
{Heap after GC invocations=3 (full 0):
 garbage-first heap   total reserved 2076672K, committed 131072K, used 11271K [0x0000000081400000, 0x0000000100000000)
  region size 1024K, 4 young (4096K), 4 survivors (4096K)
 Metaspace       used 13851K, committed 14144K, reserved 1114112K
  class space    used 1871K, committed 1984K, reserved 1048576K
}
Event: 5.336 GC heap before
{Heap before GC invocations=3 (full 0):
 garbage-first heap   total reserved 2076672K, committed 131072K, used 53255K [0x0000000081400000, 0x0000000100000000)
  region size 1024K, 47 young (48128K), 4 survivors (4096K)
 Metaspace       used 21254K, committed 21504K, reserved 1114112K
  class space    used 2820K, committed 2944K, reserved 1048576K
}
Event: 5.350 GC heap after
{Heap after GC invocations=4 (full 0):
 garbage-first heap   total reserved 2076672K, committed 131072K, used 15883K [0x0000000081400000, 0x0000000100000000)
  region size 1024K, 8 young (8192K), 8 survivors (8192K)
 Metaspace       used 21254K, committed 21504K, reserved 1114112K
  class space    used 2820K, committed 2944K, reserved 1048576K
}
Event: 5.895 GC heap before
{Heap before GC invocations=5 (full 0):
 garbage-first heap   total reserved 2076672K, committed 55296K, used 40459K [0x0000000081400000, 0x0000000100000000)
  region size 1024K, 32 young (32768K), 8 survivors (8192K)
 Metaspace       used 24050K, committed 24384K, reserved 1114112K
  class space    used 3247K, committed 3392K, reserved 1048576K
}
Event: 5.915 GC heap after
{Heap after GC invocations=6 (full 0):
 garbage-first heap   total reserved 2076672K, committed 55296K, used 16690K [0x0000000081400000, 0x0000000100000000)
  region size 1024K, 2 young (2048K), 2 survivors (2048K)
 Metaspace       used 24050K, committed 24384K, reserved 1114112K
  class space    used 3247K, committed 3392K, reserved 1048576K
}
Event: 6.652 GC heap before
{Heap before GC invocations=6 (full 0):
 garbage-first heap   total reserved 2076672K, committed 55296K, used 41266K [0x0000000081400000, 0x0000000100000000)
  region size 1024K, 27 young (27648K), 2 survivors (2048K)
 Metaspace       used 27667K, committed 28224K, reserved 1114112K
  class space    used 3862K, committed 4160K, reserved 1048576K
}
Event: 6.668 GC heap after
{Heap after GC invocations=7 (full 0):
 garbage-first heap   total reserved 2076672K, committed 55296K, used 19442K [0x0000000081400000, 0x0000000100000000)
  region size 1024K, 4 young (4096K), 4 survivors (4096K)
 Metaspace       used 27667K, committed 28224K, reserved 1114112K
  class space    used 3862K, committed 4160K, reserved 1048576K
}
Event: 7.563 GC heap before
{Heap before GC invocations=7 (full 0):
 garbage-first heap   total reserved 2076672K, committed 55296K, used 46066K [0x0000000081400000, 0x0000000100000000)
  region size 1024K, 29 young (29696K), 4 survivors (4096K)
 Metaspace       used 31325K, committed 31872K, reserved 1114112K
  class space    used 4326K, committed 4544K, reserved 1048576K
}
Event: 7.586 GC heap after
{Heap after GC invocations=8 (full 0):
 garbage-first heap   total reserved 2076672K, committed 55296K, used 21505K [0x0000000081400000, 0x0000000100000000)
  region size 1024K, 2 young (2048K), 2 survivors (2048K)
 Metaspace       used 31325K, committed 31872K, reserved 1114112K
  class space    used 4326K, committed 4544K, reserved 1048576K
}

